2026-04-18 02:55:37,512 [INFO] 
======================================================================
2026-04-18 02:55:37,512 [INFO] PHASE 2: Fetching all trades (1000 markets, 35 workers)
2026-04-18 02:55:37,513 [INFO] ======================================================================
2026-04-18 02:55:37,516 [INFO]   Progress: 0/1000
2026-04-18 02:55:38,293 [INFO]   Progress: 100/1000
2026-04-18 02:55:39,121 [INFO]   Progress: 200/1000
2026-04-18 02:55:40,036 [INFO]   Progress: 300/1000
2026-04-18 02:55:40,131 [INFO]   Progress: 400/1000
2026-04-18 02:55:40,297 [INFO]   Progress: 500/1000
2026-04-18 02:55:40,424 [INFO]   Progress: 600/1000
2026-04-18 02:55:40,601 [INFO]   Progress: 700/1000
2026-04-18 02:55:40,904 [INFO]   Progress: 800/1000
2026-04-18 02:55:41,624 [INFO]   Progress: 900/1000
2026-04-18 02:55:41,773 [INFO] 
✓ Fetched 435,000 total trades from 1000 markets
2026-04-18 02:55:41,774 [INFO] 
======================================================================
2026-04-18 02:55:41,774 [INFO] ✓ COMPLETE in 0.0 hours
2026-04-18 02:55:41,774 [INFO] ======================================================================
